Arguments: 
  /usr/local/Cellar/node/15.11.0/bin/node /Users/katesmith/.yarn/bin/yarn.js install

PATH: 
  /Users/katesmith/.yarn/bin:/Users/katesmith/.config/yarn/global/node_modules/.bin:/usr/local/go/bin:/Users/katesmith/mongodb/bin:/usr/local/opt/ruby/bin:/Users/katesmith/.rbenv/shims:/usr/local/bin:/usr/bin:/bin:/usr/sbin:/sbin:/usr/local/go/bin

Yarn version: 
  1.22.5

Node version: 
  15.11.0

Platform: 
  darwin x64

Trace: 
  SyntaxError: /Users/katesmith/Desktop/sirius/opg-sirius-supervision-firm-deputy-hub/package.json: Unexpected token F in JSON at position 393
      at JSON.parse (<anonymous>)
      at /Users/katesmith/.yarn/lib/cli.js:1625:59
      at Generator.next (<anonymous>)
      at step (/Users/katesmith/.yarn/lib/cli.js:310:30)
      at /Users/katesmith/.yarn/lib/cli.js:321:13

npm manifest: 
  {
      "name": "opg-sirius-supervision-firm-deputy-hub",
      "version": "1.0.0",
      "license": "MIT",
      "dependencies": {
          "@ministryofjustice/frontend": "^1.0.1",
          "accessible-autocomplete": "^2.0.3",
          "govuk-frontend": "^4.0.1"
      },
      "devDependencies": {
          "@babel/core": "^7.15.0",
          "@babel/preset-env": "^7.16.11",
          "babel-loader": "^8.2.4",
          "copy-webpack-plugin": "^10.2.4",
          "css-loader": "^6.7.1",
          "cypress": "^8.3.0",
          "cypress-failed-log": "^2.9.2",
          "mini-css-extract-plugin": "^2.6.0",
          "prettier": "2.5.0",
          "prettier-plugin-go-template": "^0.0.11",
          "sass": "^1.38.1",
          "sass-loader": "^12.1.0",
          "webpack": "^5.51.1",
          "webpack-cli": "^4.9.2"
      },
      "scripts": {
          "build": "webpack",
          "watch": "webpack --watch",
          "test-sirius": "cd internal/sirius && go test",
          "test-server": "cd internal/server && go test",
          "cypress": "cypress open",
          "fmt": "prettier --write ."
      },
      "resolutions": {
          "colors": "1.4.0"
      }
  }

yarn manifest: 
  No manifest

Lockfile: 
  No lockfile
